MPASM 5.87                        LAB_03.ASM   9-28-2023  14:06:41         PAGE  1


LOC  OBJECT CODE     LINE SOURCE TEXT
  VALUE

                      00001 #include "p16f886.inc"
                      00001         LIST
                      00002 
                      00003 ;==========================================================================
                      00004 ; Build date : Jan 06 2020
                      00005 ;  MPASM PIC16F886 processor include
                      00006 ; 
                      00007 ;  (c) Copyright 1999-2020 Microchip Technology, All rights reserved
                      00008 ;==========================================================================
                      00009 
                      00779         LIST
                      00002 
                      00003 ; CONFIG1
                      00004 ; Configuration word for CONFIG1: 0x20D4
2007   20D4           00005   __CONFIG _CONFIG1, _FOSC_INTRC_NOCLKOUT & _WDTE_OFF & _PWRTE_OFF & _MCLRE_OFF & _CP_OFF & _CPD_OFF & _
                            BOREN_OFF & _IESO_OFF & _FCMEN_OFF & _LVP_OFF
                      00006 
                      00007 ; CONFIG2
                      00008 ; Configuration word for CONFIG2: 0x3EFF
2008   3EFF           00009   __CONFIG _CONFIG2, _BOR4V_BOR21V & _WRT_OFF
                      00010 
                      00011 ; Place code below this line
                      00012 PwrOnRst    CODE    0x0 ; Execution begins at address 0 after power on
0000   2???           00013     goto Main           ; Branch to the 'Main' subroutine to begin execution
                      00014 
                      00015 IntVect     CODE    0x4 ; Interrupt code must be placed at address 0x4
0004   2???           00016     goto Interrupt      ; Left blank for now, there are no interrupts to service
                      00017 
                      00018 UsrCode     CODE            ; User code space. Not providing an address allows the assembler to place it
                             where it thinks most convenient
                      00019 
Warning[205]: Found directive in column 1. (Cblock)
Message[313]: CBLOCK constants will start with a value of 0.
                      00020 Cblock
  00000000            00021     D1
  00000001            00022     D2
Warning[205]: Found directive in column 1. (ENDC)
                      00023 EndC
                      00024 
                      00025 ;;;; THE FOLLOWING DECREASES CLOCK SPEED TO 2MHZ ;;;;
Warning[205]: Found directive in column 1. (banksel)
0000   1683 1303      00026 banksel OSCCON
Warning[203]: Found opcode in column 1. (movlw)
0002   3051           00027 movlw   B'01010001'
Warning[203]: Found opcode in column 1. (movwf)
Message[302]: Register in operand not in bank 0.  Ensure that bank bits are correct.
0003   008F           00028 movwf   OSCCON
                      00029 ;;;;;;;;;;;;;;;;;;;;;;;;;;;;;;;;;;;;;;;;;;;;;;;;;;;;;
                      00030 
0004                  00031 Main:
0004   1683 1703      00032         banksel ANSELH
Message[302]: Register in operand not in bank 0.  Ensure that bank bits are correct.
0006   0189           00033         clrf    ANSELH      ; Set all I/O on PORTB to digital (0 or 1)
MPASM 5.87                        LAB_03.ASM   9-28-2023  14:06:41         PAGE  2


LOC  OBJECT CODE     LINE SOURCE TEXT
  VALUE

                      00034         
0007   1283 1303      00035         banksel INTCON
0009   138B           00036         bcf     INTCON, 7   ; Clear Global Interrupt Enable bit
                      00037         
                      00038         ;;;; PORT B ;;;;
000A   1683 1303      00039         banksel TRISB   
Message[302]: Register in operand not in bank 0.  Ensure that bank bits are correct.
000C   0186           00040         clrf    TRISB       ; Set all I/O on PORTB to output
000D   3020           00041         movlw   B'00100000'
Message[302]: Register in operand not in bank 0.  Ensure that bank bits are correct.
000E   0086           00042         movwf   TRISB       ; Pin RB5 is input
                      00043         
                      00044         ;;;; Interrupt ;;;;
000F   1683 1303      00045         banksel IOCB        ; Interrupt on change register
Message[302]: Register in operand not in bank 0.  Ensure that bank bits are correct.
0011   1696           00046         bsf     IOCB, 5
                      00047         
0012   1283 1303      00048         banksel INTCON
0014   178B           00049         bsf     INTCON, 7
0015   158B           00050         bsf     INTCON, 3
                      00051         ;movlw B'11001000'
                      00052         ;movwf   INTCON
                      00053         
0016   1283 1303      00054         banksel PORTB
0018   0186           00055     clrf    PORTB           ; Initialize port for use
                      00056         
0019   2???           00057         goto    main_loop
                      00058         
001A                  00059 main_loop:
001A   1006           00060         bcf     PORTB, 0
001B   1086           00061         bcf     PORTB, 1
001C   1106           00062         bcf     PORTB, 2
001D   1586           00063         bsf     PORTB, 3
001E   2???           00064         goto    main_loop
                      00065     
001F                  00066 Interrupt:
001F   1186           00067         bcf     PORTB, 3
0020   1406           00068         bsf     PORTB, 0
0021   2???           00069         call    NO_OP
0022   2???           00070         call    NO_OP
                      00071 
0023   1006           00072         bcf     PORTB, 0
0024   1486           00073         bsf     PORTB, 1
0025   2???           00074         call    NO_OP
0026   2???           00075         call    NO_OP
                      00076 
0027   1086           00077         bcf     PORTB, 1
0028   1506           00078         bsf     PORTB, 2
0029   2???           00079         call    NO_OP
002A   2???           00080         call    NO_OP
                      00081 
002B   1106           00082         bcf     PORTB, 2
002C   1586           00083         bsf     PORTB, 3
MPASM 5.87                        LAB_03.ASM   9-28-2023  14:06:41         PAGE  3


LOC  OBJECT CODE     LINE SOURCE TEXT
  VALUE

002D   2???           00084         call    NO_OP
002E   2???           00085         call    NO_OP
                      00086 
002F   1186           00087         bcf     PORTB, 3
0030   1283 1303      00088         banksel INTCON
0032   100B           00089         bcf     INTCON, 0    ; Clear interrupt flag
0033   0009           00090         retfie
                      00091         
0034                  00092 NO_OP:
0034   0000           00093         nop
0035   0B80           00094         decfsz D1, 1 ;1
0036   2???           00095         goto $-1
                      00096         
0037   0000           00097         nop
0038   0000           00098         nop
0039   0B81           00099         decfsz D2, 1 ;1
003A   2???           00100         goto NO_OP
003B   0008           00101         return
                      00102         
                      00103 ;;;;;;;;;;;;;;;;;;;;;;;;;;;;;;;;;;;;;;;;;;;;;;;;;;;;;;;;;;;;;;;;;;;;
Warning[205]: Found directive in column 1. (end)
20D4 3EFF             00104 end
MPASM 5.87                        LAB_03.ASM   9-28-2023  14:06:41         PAGE  4


SYMBOL TABLE
  LABEL                             VALUE 

ABDEN                             00000000
ABDOVF                            00000007
ACKDT                             00000005
ACKEN                             00000004
ACKSTAT                           00000006
ADCON0                            0000001F
ADCON1                            0000009F
ADCS0                             00000006
ADCS1                             00000007
ADDEN                             00000003
ADFM                              00000007
ADIE                              00000006
ADIF                              00000006
ADON                              00000000
ADRESH                            0000001E
ADRESL                            0000009E
ANS0                              00000000
ANS1                              00000001
ANS10                             00000002
ANS11                             00000003
ANS12                             00000004
ANS13                             00000005
ANS2                              00000002
ANS3                              00000003
ANS4                              00000004
ANS8                              00000000
ANS9                              00000001
ANSEL                             00000188
ANSELH                            00000189
BAUDCTL                           00000187
BCLIE                             00000003
BCLIF                             00000003
BF                                00000000
BRG0                              00000000
BRG1                              00000001
BRG10                             00000002
BRG11                             00000003
BRG12                             00000004
BRG13                             00000005
BRG14                             00000006
BRG15                             00000007
BRG16                             00000003
BRG2                              00000002
BRG3                              00000003
BRG4                              00000004
BRG5                              00000005
BRG6                              00000006
BRG7                              00000007
BRG8                              00000000
BRG9                              00000001
BRGH                              00000002
C                                 00000000
C1CH0                             00000000
MPASM 5.87                        LAB_03.ASM   9-28-2023  14:06:41         PAGE  5


SYMBOL TABLE
  LABEL                             VALUE 

C1CH1                             00000001
C1IE                              00000005
C1IF                              00000005
C1OE                              00000005
C1ON                              00000007
C1OUT                             00000006
C1POL                             00000004
C1R                               00000002
C1RSEL                            00000005
C1SEN                             00000005
C2CH0                             00000000
C2CH1                             00000001
C2IE                              00000006
C2IF                              00000006
C2OE                              00000005
C2ON                              00000007
C2OUT                             00000006
C2POL                             00000004
C2R                               00000002
C2REN                             00000004
C2RSEL                            00000004
C2SYNC                            00000000
CCP1CON                           00000017
CCP1IE                            00000002
CCP1IF                            00000002
CCP1M0                            00000000
CCP1M1                            00000001
CCP1M2                            00000002
CCP1M3                            00000003
CCP1X                             00000005
CCP1Y                             00000004
CCP2CON                           0000001D
CCP2IE                            00000000
CCP2IF                            00000000
CCP2M0                            00000000
CCP2M1                            00000001
CCP2M2                            00000002
CCP2M3                            00000003
CCP2X                             00000005
CCP2Y                             00000004
CCPR1                             00000015
CCPR1H                            00000016
CCPR1L                            00000015
CCPR2                             0000001B
CCPR2H                            0000001C
CCPR2L                            0000001B
CHS0                              00000002
CHS1                              00000003
CHS2                              00000004
CHS3                              00000005
CKE                               00000006
CKP                               00000004
CM1CON0                           00000107
MPASM 5.87                        LAB_03.ASM   9-28-2023  14:06:41         PAGE  6


SYMBOL TABLE
  LABEL                             VALUE 

CM2CON0                           00000108
CM2CON1                           00000109
CREN                              00000004
CSRC                              00000007
D                                 00000005
D1                                00000000
D2                                00000001
DATA_ADDRESS                      00000005
DC                                00000001
DC1B0                             00000004
DC1B1                             00000005
DC2B0                             00000004
DC2B1                             00000005
D_A                               00000005
D_NOT_A                           00000005
ECCPAS                            0000009C
ECCPAS0                           00000004
ECCPAS1                           00000005
ECCPAS2                           00000006
ECCPASE                           00000007
EEADR                             0000010D
EEADRH                            0000010F
EECON1                            0000018C
EECON2                            0000018D
EEDAT                             0000010C
EEDATA                            0000010C
EEDATH                            0000010E
EEIE                              00000004
EEIF                              00000004
EEPGD                             00000007
F                                 00000001
FERR                              00000002
FSR                               00000004
FVREN                             00000000
GCEN                              00000007
GIE                               00000007
GO                                00000001
GO_DONE                           00000001
GO_NOT_DONE                       00000001
HTS                               00000002
I2C_DATA                          00000005
I2C_READ                          00000002
I2C_START                         00000003
I2C_STOP                          00000004
INDF                              00000000
INTCON                            0000000B
INTE                              00000004
INTEDG                            00000006
INTF                              00000001
IOCB                              00000096
IOCB0                             00000000
IOCB1                             00000001
IOCB2                             00000002
MPASM 5.87                        LAB_03.ASM   9-28-2023  14:06:41         PAGE  7


SYMBOL TABLE
  LABEL                             VALUE 

IOCB3                             00000003
IOCB4                             00000004
IOCB5                             00000005
IOCB6                             00000006
IOCB7                             00000007
IRCF0                             00000004
IRCF1                             00000005
IRCF2                             00000006
IRP                               00000007
Interrupt                         0000001F
LTS                               00000001
MC1OUT                            00000007
MC2OUT                            00000006
MSK                               00000093
MSK0                              00000000
MSK1                              00000001
MSK2                              00000002
MSK3                              00000003
MSK4                              00000004
MSK5                              00000005
MSK6                              00000006
MSK7                              00000007
Main                              00000004
NOT_A                             00000005
NOT_ADDRESS                       00000005
NOT_BO                            00000000
NOT_BOR                           00000000
NOT_DONE                          00000001
NOT_PD                            00000003
NOT_POR                           00000001
NOT_RBPU                          00000007
NOT_RC8                           00000006
NOT_T1SYNC                        00000002
NOT_TO                            00000004
NOT_TX8                           00000006
NOT_W                             00000002
NOT_WRITE                         00000002
NO_OP                             00000034
OERR                              00000001
OPTION_REG                        00000081
OSCCON                            0000008F
OSCTUNE                           00000090
OSFIE                             00000007
OSFIF                             00000007
OSTS                              00000003
P                                 00000004
P1M0                              00000006
P1M1                              00000007
PCL                               00000002
PCLATH                            0000000A
PCON                              0000008E
PDC0                              00000000
PDC1                              00000001
MPASM 5.87                        LAB_03.ASM   9-28-2023  14:06:41         PAGE  8


SYMBOL TABLE
  LABEL                             VALUE 

PDC2                              00000002
PDC3                              00000003
PDC4                              00000004
PDC5                              00000005
PDC6                              00000006
PEIE                              00000006
PEN                               00000002
PIE1                              0000008C
PIE2                              0000008D
PIR1                              0000000C
PIR2                              0000000D
PORTA                             00000005
PORTB                             00000006
PORTC                             00000007
PORTE                             00000009
PR2                               00000092
PRSEN                             00000007
PS0                               00000000
PS1                               00000001
PS2                               00000002
PSA                               00000003
PSSAC0                            00000002
PSSAC1                            00000003
PSSBD0                            00000000
PSSBD1                            00000001
PSTRCON                           0000009D
PULSR                             00000002
PULSS                             00000003
PWM1CON                           0000009B
R                                 00000002
RA0                               00000000
RA1                               00000001
RA2                               00000002
RA3                               00000003
RA4                               00000004
RA5                               00000005
RA6                               00000006
RA7                               00000007
RB0                               00000000
RB1                               00000001
RB2                               00000002
RB3                               00000003
RB4                               00000004
RB5                               00000005
RB6                               00000006
RB7                               00000007
RBIE                              00000003
RBIF                              00000000
RC0                               00000000
RC1                               00000001
RC2                               00000002
RC3                               00000003
RC4                               00000004
MPASM 5.87                        LAB_03.ASM   9-28-2023  14:06:41         PAGE  9


SYMBOL TABLE
  LABEL                             VALUE 

RC5                               00000005
RC6                               00000006
RC7                               00000007
RC8_9                             00000006
RC9                               00000006
RCD8                              00000000
RCEN                              00000003
RCIDL                             00000006
RCIE                              00000005
RCIF                              00000005
RCREG                             0000001A
RCSTA                             00000018
RD                                00000000
RE3                               00000003
READ_WRITE                        00000002
RP0                               00000005
RP1                               00000006
RSEN                              00000001
RX9                               00000006
RX9D                              00000000
R_NOT_W                           00000002
R_W                               00000002
S                                 00000003
SBOREN                            00000004
SCKP                              00000004
SCS                               00000000
SEN                               00000000
SENDB                             00000003
SMP                               00000007
SPBRG                             00000099
SPBRGH                            0000009A
SPEN                              00000007
SR0                               00000006
SR1                               00000007
SRCON                             00000185
SREN                              00000005
SSPADD                            00000093
SSPBUF                            00000013
SSPCON                            00000014
SSPCON2                           00000091
SSPEN                             00000005
SSPIE                             00000003
SSPIF                             00000003
SSPM0                             00000000
SSPM1                             00000001
SSPM2                             00000002
SSPM3                             00000003
SSPMSK                            00000093
SSPOV                             00000006
SSPSTAT                           00000094
STATUS                            00000003
STRA                              00000000
STRB                              00000001
MPASM 5.87                        LAB_03.ASM   9-28-2023  14:06:41         PAGE 10


SYMBOL TABLE
  LABEL                             VALUE 

STRC                              00000002
STRD                              00000003
STRSYNC                           00000004
SWDTEN                            00000000
SYNC                              00000004
T0CS                              00000005
T0IE                              00000005
T0IF                              00000002
T0SE                              00000004
T1CKPS0                           00000004
T1CKPS1                           00000005
T1CON                             00000010
T1GINV                            00000007
T1GIV                             00000007
T1GSS                             00000001
T1INSYNC                          00000002
T1OSCEN                           00000003
T1SYNC                            00000002
T2CKPS0                           00000000
T2CKPS1                           00000001
T2CON                             00000012
TMR0                              00000001
TMR0IE                            00000005
TMR0IF                            00000002
TMR1                              0000000E
TMR1CS                            00000001
TMR1GE                            00000006
TMR1H                             0000000F
TMR1IE                            00000000
TMR1IF                            00000000
TMR1L                             0000000E
TMR1ON                            00000000
TMR2                              00000011
TMR2IE                            00000001
TMR2IF                            00000001
TMR2ON                            00000002
TOUTPS0                           00000003
TOUTPS1                           00000004
TOUTPS2                           00000005
TOUTPS3                           00000006
TRISA                             00000085
TRISA0                            00000000
TRISA1                            00000001
TRISA2                            00000002
TRISA3                            00000003
TRISA4                            00000004
TRISA5                            00000005
TRISA6                            00000006
TRISA7                            00000007
TRISB                             00000086
TRISB0                            00000000
TRISB1                            00000001
TRISB2                            00000002
MPASM 5.87                        LAB_03.ASM   9-28-2023  14:06:41         PAGE 11


SYMBOL TABLE
  LABEL                             VALUE 

TRISB3                            00000003
TRISB4                            00000004
TRISB5                            00000005
TRISB6                            00000006
TRISB7                            00000007
TRISC                             00000087
TRISC0                            00000000
TRISC1                            00000001
TRISC2                            00000002
TRISC3                            00000003
TRISC4                            00000004
TRISC5                            00000005
TRISC6                            00000006
TRISC7                            00000007
TRISE                             00000089
TRISE3                            00000003
TRMT                              00000001
TUN0                              00000000
TUN1                              00000001
TUN2                              00000002
TUN3                              00000003
TUN4                              00000004
TX8_9                             00000006
TX9                               00000006
TX9D                              00000000
TXD8                              00000000
TXEN                              00000005
TXIE                              00000004
TXIF                              00000004
TXREG                             00000019
TXSTA                             00000098
UA                                00000001
ULPWUE                            00000005
ULPWUIE                           00000002
ULPWUIF                           00000002
VCFG0                             00000004
VCFG1                             00000005
VR0                               00000000
VR1                               00000001
VR2                               00000002
VR3                               00000003
VRCON                             00000097
VREN                              00000007
VROE                              00000006
VRR                               00000005
VRSS                              00000004
W                                 00000000
WCOL                              00000007
WDTCON                            00000105
WDTPS0                            00000001
WDTPS1                            00000002
WDTPS2                            00000003
WDTPS3                            00000004
MPASM 5.87                        LAB_03.ASM   9-28-2023  14:06:41         PAGE 12


SYMBOL TABLE
  LABEL                             VALUE 

WPUB                              00000095
WPUB0                             00000000
WPUB1                             00000001
WPUB2                             00000002
WPUB3                             00000003
WPUB4                             00000004
WPUB5                             00000005
WPUB6                             00000006
WPUB7                             00000007
WR                                00000001
WREN                              00000002
WRERR                             00000003
WUE                               00000001
Z                                 00000002
_BOR21V                           00003EFF
_BOR40V                           00003FFF
_BOR4V_BOR21V                     00003EFF
_BOR4V_BOR40V                     00003FFF
_BOREN_NSLEEP                     00003EFF
_BOREN_OFF                        00003CFF
_BOREN_ON                         00003FFF
_BOREN_SBODEN                     00003DFF
_BOR_NSLEEP                       00003EFF
_BOR_OFF                          00003CFF
_BOR_ON                           00003FFF
_BOR_SBODEN                       00003DFF
_CONFIG1                          00002007
_CONFIG2                          00002008
_CPD_OFF                          00003FFF
_CPD_ON                           00003F7F
_CP_OFF                           00003FFF
_CP_ON                            00003FBF
_DEBUG_OFF                        00003FFF
_DEBUG_ON                         00001FFF
_DEVID1                           00002006
_EC_OSC                           00003FFB
_EXTRC                            00003FFF
_EXTRCIO                          00003FFE
_EXTRC_OSC_CLKOUT                 00003FFF
_EXTRC_OSC_NOCLKOUT               00003FFE
_FCMEN_OFF                        000037FF
_FCMEN_ON                         00003FFF
_FOSC_EC                          00003FFB
_FOSC_EXTRC_CLKOUT                00003FFF
_FOSC_EXTRC_NOCLKOUT              00003FFE
_FOSC_HS                          00003FFA
_FOSC_INTRC_CLKOUT                00003FFD
_FOSC_INTRC_NOCLKOUT              00003FFC
_FOSC_LP                          00003FF8
_FOSC_XT                          00003FF9
_HS_OSC                           00003FFA
_IDLOC0                           00002000
_IDLOC1                           00002001
MPASM 5.87                        LAB_03.ASM   9-28-2023  14:06:41         PAGE 13


SYMBOL TABLE
  LABEL                             VALUE 

_IDLOC2                           00002002
_IDLOC3                           00002003
_IESO_OFF                         00003BFF
_IESO_ON                          00003FFF
_INTOSC                           00003FFD
_INTOSCIO                         00003FFC
_INTRC_OSC_CLKOUT                 00003FFD
_INTRC_OSC_NOCLKOUT               00003FFC
_LP_OSC                           00003FF8
_LVP_OFF                          00002FFF
_LVP_ON                           00003FFF
_MCLRE_OFF                        00003FDF
_MCLRE_ON                         00003FFF
_PWRTE_OFF                        00003FFF
_PWRTE_ON                         00003FEF
_UsrCode_0036                     00000036
_WDTE_OFF                         00003FF7
_WDTE_ON                          00003FFF
_WDT_OFF                          00003FF7
_WDT_ON                           00003FFF
_WRT_1FOURTH                      00003BFF
_WRT_256                          00003DFF
_WRT_HALF                         000039FF
_WRT_OFF                          00003FFF
_XT_OSC                           00003FF9
__16F886                          00000001
main_loop                         0000001A

Errors   :     0
Warnings :     6 reported,     0 suppressed
Messages :     6 reported,     0 suppressed

