MPASM 5.87                        LAB_07.ASM   11-19-2023  17:15:06         PAGE  1


LOC  OBJECT CODE     LINE SOURCE TEXT
  VALUE

                      00001 #include "p16f886.inc"
                      00001         LIST
                      00002 
                      00003 ;==========================================================================
                      00004 ; Build date : Jan 06 2020
                      00005 ;  MPASM PIC16F886 processor include
                      00006 ; 
                      00007 ;  (c) Copyright 1999-2020 Microchip Technology, All rights reserved
                      00008 ;==========================================================================
                      00009 
                      00779         LIST
                      00002 
                      00003 ; CONFIG1
                      00004 ; __config 0x20D4
Warning[205]: Found directive in column 1. (__CONFIG)
2007   20D4           00005 __CONFIG _CONFIG1, _FOSC_INTRC_NOCLKOUT & _WDTE_OFF & _PWRTE_OFF & _MCLRE_OFF & _CP_OFF & _CPD_OFF & _BO
                            REN_OFF & _IESO_OFF & _FCMEN_OFF & _LVP_OFF
                      00006 
                      00007 ; CONFIG2
                      00008 ; __config 0x3EFF
Warning[205]: Found directive in column 1. (__CONFIG)
2008   3EFF           00009 __CONFIG _CONFIG2, _BOR4V_BOR21V & _WRT_OFF
                      00010 
                      00011 ; All variables needed
                      00012 Vars UDATA
Warning[207]: Found label after column 1. (Count1)
0000                  00013     Count1  res 1 ; used for debounce
Warning[207]: Found label after column 1. (Count2)
0001                  00014     Count2  res 1 ; used for debounce
Warning[207]: Found label after column 1. (currInput)
0002                  00015     currInput res 1 ; used for current input number
Warning[207]: Found label after column 1. (num1)
0003                  00016     num1 res 1 ; used for storing 1st number
Warning[207]: Found label after column 1. (num2)
0004                  00017     num2 res 1 ; used for storing 2nd number
Warning[207]: Found label after column 1. (oper)
0005                  00018     oper res 1 ; used for storing the operation to perform
Warning[207]: Found label after column 1. (result)
0006                  00019     result res 1 ; used for storing the result
Warning[207]: Found label after column 1. (interNum)
0007                  00020     interNum res 1 ; used for storing the number of interrupts
                      00021 
                      00022 PwrOnRst CODE 0x0
0000   2???           00023     goto Init
                      00024 
                      00025 IntVect CODE 0x7
0007   ???? ????      00026     banksel interNum
0009   1C00           00027     btfss   interNum, 0x0
000A   2???           00028     goto    firstPress
000B   1C80           00029     btfss   interNum, 0x1
000C   2???           00030     goto    secondPress
000D   1D00           00031     btfss   interNum, 0x2
000E   2???           00032     goto    thirdPress
MPASM 5.87                        LAB_07.ASM   11-19-2023  17:15:06         PAGE  2


LOC  OBJECT CODE     LINE SOURCE TEXT
  VALUE

000F   2???           00033     goto    fourthPress
                      00034     
                      00035     ; First Num Input Storage
Warning[207]: Found label after column 1. (firstPress)
0010                  00036     firstPress:
0010   2???           00037         call    Debounce
0011   ???? ????      00038         banksel currInput
0013   08??           00039         movf    currInput, 0
0014   00??           00040         movwf   num1
0015   01??           00041         clrf    currInput
0016   1400           00042         bsf interNum, 0x0 ; set bit 0 in bitfield to 1
0017   1283 1303      00043         banksel INTCON
0019   100B           00044         bcf INTCON, 0 ; Reset interrupt PORTB flag
001A   0009           00045         retfie
                      00046 
                      00047     ; Second Num Input Storage
Warning[207]: Found label after column 1. (secondPress)
001B                  00048     secondPress:
001B   2???           00049         call    Debounce
001C   ???? ????      00050         banksel currInput
001E   08??           00051         movf    currInput, 0
001F   00??           00052         movwf   num2
0020   01??           00053         clrf    currInput
0021   1480           00054         bsf interNum, 0x1 ; set bit 1 in bitfield to 1
0022   1283 1303      00055         banksel INTCON
0024   100B           00056         bcf INTCON, 0 ; Reset interrupt PORTB flag
0025   0009           00057         retfie
                      00058 
                      00059     ; Operation Input and Calculation of result
                      00060     ; and display number on LEDs
Warning[207]: Found label after column 1. (thirdPress)
0026                  00061     thirdPress:
0026   2???           00062         call    Debounce
0027   ???? ????      00063         banksel currInput
0029   08??           00064         movf    currInput, 0
002A   00??           00065         movwf   oper
002B   01??           00066         clrf    currInput
                      00067 
002C   1800           00068         btfsc   oper, 0x0 ;; addition
002D   2???           00069         goto    addition
002E   1880           00070         btfsc   oper, 0x1 ;; subtraction
002F   2???           00071         goto    subtraction
                      00072         ; If code makes it here, input is invalid
                      00073         ; clear oper reg, flash pattern, return
0030   3005           00074         movlw   0x5
0031   1283 1303      00075         banksel PORTB
0033   0086           00076         movwf   PORTB
0034   2???           00077         call    Debounce
0035   2???           00078         call    Debounce
0036   300A           00079         movlw   0xa
0037   0086           00080         movwf   PORTB
0038   2???           00081         call    Debounce
0039   2???           00082         call    Debounce
MPASM 5.87                        LAB_07.ASM   11-19-2023  17:15:06         PAGE  3


LOC  OBJECT CODE     LINE SOURCE TEXT
  VALUE

003A   0186           00083         clrf    PORTB ; reset LED's
                      00084         
003B   1283 1303      00085         banksel INTCON
003D   100B           00086         bcf INTCON, 0 ; Reset interrupt PORTB flag
003E   0009           00087         retfie
                      00088 
Warning[207]: Found label after column 1. (addition)
003F                  00089     addition:
003F   08??           00090         movf    num1, 0
0040   07??           00091         addwf   num2, 0 ; add num1 and 2 and store in W
0041   00??           00092         movwf   currInput
0042   1283 1303      00093         banksel PORTB
0044   0086           00094         movwf   PORTB ; move result to LED
                      00095         
0045   1500           00096         bsf interNum, 0x2 ; set bit 2 in bitfield to 1
0046   1283 1303      00097         banksel INTCON
0048   100B           00098         bcf INTCON, 0 ; Reset interrupt PORTB flag
0049   0009           00099         retfie
                      00100 
Warning[207]: Found label after column 1. (subtraction)
004A                  00101     subtraction:
004A   1283 1303      00102         banksel PORTB
004C   0186           00103         clrf    PORTB
004D   08??           00104         movf    num2, 0
004E   02??           00105         subwf   num1, 0
004F   0086           00106         movwf   PORTB
                      00107 
0050   1A86           00108         btfsc   PORTB, 0x5
0051   2???           00109         goto    subtraction
0052   0009           00110         retfie
                      00111 
                      00112     ; Reset Calculator for Next Inputs
Warning[207]: Found label after column 1. (fourthPress)
0053                  00113     fourthPress:
0053   2???           00114         call    Debounce
0054   01??           00115         clrf    currInput
0055   01??           00116         clrf    interNum
0056   01??           00117         clrf    num1
0057   01??           00118         clrf    num2
0058   1283 1303      00119         banksel INTCON
005A   100B           00120         bcf INTCON, 0 ; Reset interrupt PORTB flag
005B   2???           00121         call Debounce
005C   0009           00122         retfie
                      00123 
                      00124 UsrCode CODE
0000                  00125 Init:
                      00126     ; Clock Rate Kept at Default 4 MHz
                      00127     
                      00128     ; Port B Config
0000   1683 1703      00129     banksel ANSELH
Message[302]: Register in operand not in bank 0.  Ensure that bank bits are correct.
0002   0189           00130     clrf ANSELH ; Make analog select digital I/O
0003   1683 1303      00131     banksel TRISB
MPASM 5.87                        LAB_07.ASM   11-19-2023  17:15:06         PAGE  4


LOC  OBJECT CODE     LINE SOURCE TEXT
  VALUE

Message[302]: Register in operand not in bank 0.  Ensure that bank bits are correct.
0005   0186           00132     clrf TRISB
Message[302]: Register in operand not in bank 0.  Ensure that bank bits are correct.
0006   1686           00133     bsf TRISB, 5 ; Set RB5 as input
0007   1283 1303      00134     banksel PORTB
0009   0186           00135     clrf PORTB ; Init PortB
                      00136 
                      00137     ; Port E Config
000A   1683 1703      00138     banksel ANSEL
Message[302]: Register in operand not in bank 0.  Ensure that bank bits are correct.
000C   0188           00139     clrf ANSEL ; Set PortE for digital I/O
000D   1683 1303      00140     banksel TRISE
Message[302]: Register in operand not in bank 0.  Ensure that bank bits are correct.
000F   0189           00141     clrf TRISE
Message[302]: Register in operand not in bank 0.  Ensure that bank bits are correct.
0010   1589           00142     bsf TRISE, 3 ; Set RE3 as input
0011   1283 1303      00143     banksel PORTE
0013   0189           00144     clrf PORTE ; Init PortE
                      00145 
                      00146     ; Interrupt Config
0014   1683 1303      00147     banksel IOCB
Message[302]: Register in operand not in bank 0.  Ensure that bank bits are correct.
0016   1696           00148     bsf IOCB, 0x05
0017   1283 1303      00149     banksel INTCON
0019   018B           00150     clrf INTCON
001A   178B           00151     bsf INTCON, 7 ; GIE
001B   158B           00152     bsf INTCON, 3 ; RBIE
001C   100B           00153     bcf INTCON, 0 ; RBIF
                      00154 
                      00155     ; Init Variables
001D   ???? ????      00156     banksel Count1
001F   01??           00157     clrf Count1
0020   01??           00158     clrf Count2
0021   01??           00159     clrf currInput
0022   01??           00160     clrf num1
0023   01??           00161     clrf num2
0024   01??           00162     clrf oper
0025   01??           00163     clrf interNum
0026   2???           00164     goto initDebounce
                      00165 
0027                  00166 initDebounce:
                      00167     ; Fix  SW1 press on startup due to Vpp being directly
                      00168     ; connected to RE3 which is connected to SW1
0027   2???           00169     call Debounce 
0028   2???           00170     goto Main
                      00171 
0029                  00172 Main:
0029   1283 1303      00173     banksel PORTE
002B   1D89           00174     btfss PORTE, 3
002C   2???           00175     call SW1_Pressed
002D   ???? ????      00176     banksel currInput
002F   08??           00177     movf currInput, 0
0030   0086           00178     movwf PORTB
MPASM 5.87                        LAB_07.ASM   11-19-2023  17:15:06         PAGE  5


LOC  OBJECT CODE     LINE SOURCE TEXT
  VALUE

0031   2???           00179     goto Main
                      00180 
0032                  00181 SW1_Pressed:
0032   2???           00182     call Debounce
0033   1900           00183     btfsc interNum, 0x2
0034   0008           00184     return ; Don't do anything when SW1 is pressed if waiting on fourth interrupt
0035   ???? ????      00185     banksel currInput
0037   0A??           00186     incf currInput, 1
0038   1980           00187     btfsc currInput, 0x3
0039   2???           00188     call inputOverflow
003A   0008           00189     return
                      00190 
                      00191 ; If currInput becomes 8, roll over
003B                  00192 inputOverflow:
003B   ???? ????      00193     banksel currInput
003D   01??           00194     clrf currInput
003E   0008           00195     return
                      00196 
                      00197 ; Used to debounce the button presses
003F                  00198 Debounce:
003F   ???? ????      00199     banksel Count1
0041                  00200 DeBounceLoop:
0041   0B??           00201     decfsz Count1, f
0042   2???           00202     goto DeBounceLoop
0043   0B??           00203     decfsz Count2, f
0044   2???           00204     goto DeBounceLoop
0045   0008           00205     return
                      00206 
Warning[205]: Found directive in column 1. (end)
20D4 3EFF             00207 end
MPASM 5.87                        LAB_07.ASM   11-19-2023  17:15:06         PAGE  6


SYMBOL TABLE
  LABEL                             VALUE 

ABDEN                             00000000
ABDOVF                            00000007
ACKDT                             00000005
ACKEN                             00000004
ACKSTAT                           00000006
ADCON0                            0000001F
ADCON1                            0000009F
ADCS0                             00000006
ADCS1                             00000007
ADDEN                             00000003
ADFM                              00000007
ADIE                              00000006
ADIF                              00000006
ADON                              00000000
ADRESH                            0000001E
ADRESL                            0000009E
ANS0                              00000000
ANS1                              00000001
ANS10                             00000002
ANS11                             00000003
ANS12                             00000004
ANS13                             00000005
ANS2                              00000002
ANS3                              00000003
ANS4                              00000004
ANS8                              00000000
ANS9                              00000001
ANSEL                             00000188
ANSELH                            00000189
BAUDCTL                           00000187
BCLIE                             00000003
BCLIF                             00000003
BF                                00000000
BRG0                              00000000
BRG1                              00000001
BRG10                             00000002
BRG11                             00000003
BRG12                             00000004
BRG13                             00000005
BRG14                             00000006
BRG15                             00000007
BRG16                             00000003
BRG2                              00000002
BRG3                              00000003
BRG4                              00000004
BRG5                              00000005
BRG6                              00000006
BRG7                              00000007
BRG8                              00000000
BRG9                              00000001
BRGH                              00000002
C                                 00000000
C1CH0                             00000000
MPASM 5.87                        LAB_07.ASM   11-19-2023  17:15:06         PAGE  7


SYMBOL TABLE
  LABEL                             VALUE 

C1CH1                             00000001
C1IE                              00000005
C1IF                              00000005
C1OE                              00000005
C1ON                              00000007
C1OUT                             00000006
C1POL                             00000004
C1R                               00000002
C1RSEL                            00000005
C1SEN                             00000005
C2CH0                             00000000
C2CH1                             00000001
C2IE                              00000006
C2IF                              00000006
C2OE                              00000005
C2ON                              00000007
C2OUT                             00000006
C2POL                             00000004
C2R                               00000002
C2REN                             00000004
C2RSEL                            00000004
C2SYNC                            00000000
CCP1CON                           00000017
CCP1IE                            00000002
CCP1IF                            00000002
CCP1M0                            00000000
CCP1M1                            00000001
CCP1M2                            00000002
CCP1M3                            00000003
CCP1X                             00000005
CCP1Y                             00000004
CCP2CON                           0000001D
CCP2IE                            00000000
CCP2IF                            00000000
CCP2M0                            00000000
CCP2M1                            00000001
CCP2M2                            00000002
CCP2M3                            00000003
CCP2X                             00000005
CCP2Y                             00000004
CCPR1                             00000015
CCPR1H                            00000016
CCPR1L                            00000015
CCPR2                             0000001B
CCPR2H                            0000001C
CCPR2L                            0000001B
CHS0                              00000002
CHS1                              00000003
CHS2                              00000004
CHS3                              00000005
CKE                               00000006
CKP                               00000004
CM1CON0                           00000107
MPASM 5.87                        LAB_07.ASM   11-19-2023  17:15:06         PAGE  8


SYMBOL TABLE
  LABEL                             VALUE 

CM2CON0                           00000108
CM2CON1                           00000109
CREN                              00000004
CSRC                              00000007
Count1                            00000000
Count2                            00000001
D                                 00000005
DATA_ADDRESS                      00000005
DC                                00000001
DC1B0                             00000004
DC1B1                             00000005
DC2B0                             00000004
DC2B1                             00000005
D_A                               00000005
D_NOT_A                           00000005
DeBounceLoop                      00000041
Debounce                          0000003F
ECCPAS                            0000009C
ECCPAS0                           00000004
ECCPAS1                           00000005
ECCPAS2                           00000006
ECCPASE                           00000007
EEADR                             0000010D
EEADRH                            0000010F
EECON1                            0000018C
EECON2                            0000018D
EEDAT                             0000010C
EEDATA                            0000010C
EEDATH                            0000010E
EEIE                              00000004
EEIF                              00000004
EEPGD                             00000007
F                                 00000001
FERR                              00000002
FSR                               00000004
FVREN                             00000000
GCEN                              00000007
GIE                               00000007
GO                                00000001
GO_DONE                           00000001
GO_NOT_DONE                       00000001
HTS                               00000002
I2C_DATA                          00000005
I2C_READ                          00000002
I2C_START                         00000003
I2C_STOP                          00000004
INDF                              00000000
INTCON                            0000000B
INTE                              00000004
INTEDG                            00000006
INTF                              00000001
IOCB                              00000096
IOCB0                             00000000
MPASM 5.87                        LAB_07.ASM   11-19-2023  17:15:06         PAGE  9


SYMBOL TABLE
  LABEL                             VALUE 

IOCB1                             00000001
IOCB2                             00000002
IOCB3                             00000003
IOCB4                             00000004
IOCB5                             00000005
IOCB6                             00000006
IOCB7                             00000007
IRCF0                             00000004
IRCF1                             00000005
IRCF2                             00000006
IRP                               00000007
Init                              00000000
LTS                               00000001
MC1OUT                            00000007
MC2OUT                            00000006
MSK                               00000093
MSK0                              00000000
MSK1                              00000001
MSK2                              00000002
MSK3                              00000003
MSK4                              00000004
MSK5                              00000005
MSK6                              00000006
MSK7                              00000007
Main                              00000029
NOT_A                             00000005
NOT_ADDRESS                       00000005
NOT_BO                            00000000
NOT_BOR                           00000000
NOT_DONE                          00000001
NOT_PD                            00000003
NOT_POR                           00000001
NOT_RBPU                          00000007
NOT_RC8                           00000006
NOT_T1SYNC                        00000002
NOT_TO                            00000004
NOT_TX8                           00000006
NOT_W                             00000002
NOT_WRITE                         00000002
OERR                              00000001
OPTION_REG                        00000081
OSCCON                            0000008F
OSCTUNE                           00000090
OSFIE                             00000007
OSFIF                             00000007
OSTS                              00000003
P                                 00000004
P1M0                              00000006
P1M1                              00000007
PCL                               00000002
PCLATH                            0000000A
PCON                              0000008E
PDC0                              00000000
MPASM 5.87                        LAB_07.ASM   11-19-2023  17:15:06         PAGE 10


SYMBOL TABLE
  LABEL                             VALUE 

PDC1                              00000001
PDC2                              00000002
PDC3                              00000003
PDC4                              00000004
PDC5                              00000005
PDC6                              00000006
PEIE                              00000006
PEN                               00000002
PIE1                              0000008C
PIE2                              0000008D
PIR1                              0000000C
PIR2                              0000000D
PORTA                             00000005
PORTB                             00000006
PORTC                             00000007
PORTE                             00000009
PR2                               00000092
PRSEN                             00000007
PS0                               00000000
PS1                               00000001
PS2                               00000002
PSA                               00000003
PSSAC0                            00000002
PSSAC1                            00000003
PSSBD0                            00000000
PSSBD1                            00000001
PSTRCON                           0000009D
PULSR                             00000002
PULSS                             00000003
PWM1CON                           0000009B
R                                 00000002
RA0                               00000000
RA1                               00000001
RA2                               00000002
RA3                               00000003
RA4                               00000004
RA5                               00000005
RA6                               00000006
RA7                               00000007
RB0                               00000000
RB1                               00000001
RB2                               00000002
RB3                               00000003
RB4                               00000004
RB5                               00000005
RB6                               00000006
RB7                               00000007
RBIE                              00000003
RBIF                              00000000
RC0                               00000000
RC1                               00000001
RC2                               00000002
RC3                               00000003
MPASM 5.87                        LAB_07.ASM   11-19-2023  17:15:06         PAGE 11


SYMBOL TABLE
  LABEL                             VALUE 

RC4                               00000004
RC5                               00000005
RC6                               00000006
RC7                               00000007
RC8_9                             00000006
RC9                               00000006
RCD8                              00000000
RCEN                              00000003
RCIDL                             00000006
RCIE                              00000005
RCIF                              00000005
RCREG                             0000001A
RCSTA                             00000018
RD                                00000000
RE3                               00000003
READ_WRITE                        00000002
RP0                               00000005
RP1                               00000006
RSEN                              00000001
RX9                               00000006
RX9D                              00000000
R_NOT_W                           00000002
R_W                               00000002
S                                 00000003
SBOREN                            00000004
SCKP                              00000004
SCS                               00000000
SEN                               00000000
SENDB                             00000003
SMP                               00000007
SPBRG                             00000099
SPBRGH                            0000009A
SPEN                              00000007
SR0                               00000006
SR1                               00000007
SRCON                             00000185
SREN                              00000005
SSPADD                            00000093
SSPBUF                            00000013
SSPCON                            00000014
SSPCON2                           00000091
SSPEN                             00000005
SSPIE                             00000003
SSPIF                             00000003
SSPM0                             00000000
SSPM1                             00000001
SSPM2                             00000002
SSPM3                             00000003
SSPMSK                            00000093
SSPOV                             00000006
SSPSTAT                           00000094
STATUS                            00000003
STRA                              00000000
MPASM 5.87                        LAB_07.ASM   11-19-2023  17:15:06         PAGE 12


SYMBOL TABLE
  LABEL                             VALUE 

STRB                              00000001
STRC                              00000002
STRD                              00000003
STRSYNC                           00000004
SW1_Pressed                       00000032
SWDTEN                            00000000
SYNC                              00000004
T0CS                              00000005
T0IE                              00000005
T0IF                              00000002
T0SE                              00000004
T1CKPS0                           00000004
T1CKPS1                           00000005
T1CON                             00000010
T1GINV                            00000007
T1GIV                             00000007
T1GSS                             00000001
T1INSYNC                          00000002
T1OSCEN                           00000003
T1SYNC                            00000002
T2CKPS0                           00000000
T2CKPS1                           00000001
T2CON                             00000012
TMR0                              00000001
TMR0IE                            00000005
TMR0IF                            00000002
TMR1                              0000000E
TMR1CS                            00000001
TMR1GE                            00000006
TMR1H                             0000000F
TMR1IE                            00000000
TMR1IF                            00000000
TMR1L                             0000000E
TMR1ON                            00000000
TMR2                              00000011
TMR2IE                            00000001
TMR2IF                            00000001
TMR2ON                            00000002
TOUTPS0                           00000003
TOUTPS1                           00000004
TOUTPS2                           00000005
TOUTPS3                           00000006
TRISA                             00000085
TRISA0                            00000000
TRISA1                            00000001
TRISA2                            00000002
TRISA3                            00000003
TRISA4                            00000004
TRISA5                            00000005
TRISA6                            00000006
TRISA7                            00000007
TRISB                             00000086
TRISB0                            00000000
MPASM 5.87                        LAB_07.ASM   11-19-2023  17:15:06         PAGE 13


SYMBOL TABLE
  LABEL                             VALUE 

TRISB1                            00000001
TRISB2                            00000002
TRISB3                            00000003
TRISB4                            00000004
TRISB5                            00000005
TRISB6                            00000006
TRISB7                            00000007
TRISC                             00000087
TRISC0                            00000000
TRISC1                            00000001
TRISC2                            00000002
TRISC3                            00000003
TRISC4                            00000004
TRISC5                            00000005
TRISC6                            00000006
TRISC7                            00000007
TRISE                             00000089
TRISE3                            00000003
TRMT                              00000001
TUN0                              00000000
TUN1                              00000001
TUN2                              00000002
TUN3                              00000003
TUN4                              00000004
TX8_9                             00000006
TX9                               00000006
TX9D                              00000000
TXD8                              00000000
TXEN                              00000005
TXIE                              00000004
TXIF                              00000004
TXREG                             00000019
TXSTA                             00000098
UA                                00000001
ULPWUE                            00000005
ULPWUIE                           00000002
ULPWUIF                           00000002
VCFG0                             00000004
VCFG1                             00000005
VR0                               00000000
VR1                               00000001
VR2                               00000002
VR3                               00000003
VRCON                             00000097
VREN                              00000007
VROE                              00000006
VRR                               00000005
VRSS                              00000004
W                                 00000000
WCOL                              00000007
WDTCON                            00000105
WDTPS0                            00000001
WDTPS1                            00000002
MPASM 5.87                        LAB_07.ASM   11-19-2023  17:15:06         PAGE 14


SYMBOL TABLE
  LABEL                             VALUE 

WDTPS2                            00000003
WDTPS3                            00000004
WPUB                              00000095
WPUB0                             00000000
WPUB1                             00000001
WPUB2                             00000002
WPUB3                             00000003
WPUB4                             00000004
WPUB5                             00000005
WPUB6                             00000006
WPUB7                             00000007
WR                                00000001
WREN                              00000002
WRERR                             00000003
WUE                               00000001
Z                                 00000002
_BOR21V                           00003EFF
_BOR40V                           00003FFF
_BOR4V_BOR21V                     00003EFF
_BOR4V_BOR40V                     00003FFF
_BOREN_NSLEEP                     00003EFF
_BOREN_OFF                        00003CFF
_BOREN_ON                         00003FFF
_BOREN_SBODEN                     00003DFF
_BOR_NSLEEP                       00003EFF
_BOR_OFF                          00003CFF
_BOR_ON                           00003FFF
_BOR_SBODEN                       00003DFF
_CONFIG1                          00002007
_CONFIG2                          00002008
_CPD_OFF                          00003FFF
_CPD_ON                           00003F7F
_CP_OFF                           00003FFF
_CP_ON                            00003FBF
_DEBUG_OFF                        00003FFF
_DEBUG_ON                         00001FFF
_DEVID1                           00002006
_EC_OSC                           00003FFB
_EXTRC                            00003FFF
_EXTRCIO                          00003FFE
_EXTRC_OSC_CLKOUT                 00003FFF
_EXTRC_OSC_NOCLKOUT               00003FFE
_FCMEN_OFF                        000037FF
_FCMEN_ON                         00003FFF
_FOSC_EC                          00003FFB
_FOSC_EXTRC_CLKOUT                00003FFF
_FOSC_EXTRC_NOCLKOUT              00003FFE
_FOSC_HS                          00003FFA
_FOSC_INTRC_CLKOUT                00003FFD
_FOSC_INTRC_NOCLKOUT              00003FFC
_FOSC_LP                          00003FF8
_FOSC_XT                          00003FF9
_HS_OSC                           00003FFA
MPASM 5.87                        LAB_07.ASM   11-19-2023  17:15:06         PAGE 15


SYMBOL TABLE
  LABEL                             VALUE 

_IDLOC0                           00002000
_IDLOC1                           00002001
_IDLOC2                           00002002
_IDLOC3                           00002003
_IESO_OFF                         00003BFF
_IESO_ON                          00003FFF
_INTOSC                           00003FFD
_INTOSCIO                         00003FFC
_INTRC_OSC_CLKOUT                 00003FFD
_INTRC_OSC_NOCLKOUT               00003FFC
_LP_OSC                           00003FF8
_LVP_OFF                          00002FFF
_LVP_ON                           00003FFF
_MCLRE_OFF                        00003FDF
_MCLRE_ON                         00003FFF
_PWRTE_OFF                        00003FFF
_PWRTE_ON                         00003FEF
_WDTE_OFF                         00003FF7
_WDTE_ON                          00003FFF
_WDT_OFF                          00003FF7
_WDT_ON                           00003FFF
_WRT_1FOURTH                      00003BFF
_WRT_256                          00003DFF
_WRT_HALF                         000039FF
_WRT_OFF                          00003FFF
_XT_OSC                           00003FF9
__16F886                          00000001
addition                          0000003F
currInput                         00000002
firstPress                        00000010
fourthPress                       00000053
initDebounce                      00000027
inputOverflow                     0000003B
interNum                          00000007
num1                              00000003
num2                              00000004
oper                              00000005
result                            00000006
secondPress                       0000001B
subtraction                       0000004A
thirdPress                        00000026

Errors   :     0
Warnings :    17 reported,     0 suppressed
Messages :     7 reported,     0 suppressed

