Warning[205] C:\USERS\NSF-WORK\DESKTOP\FALL 2023\EMBEDDED SYSTEM\EMBEDDED_SYSTEMS_PIC-\LAB_07.X\LAB_07.ASM 5 : Found directive in column 1. (__CONFIG)
Warning[205] C:\USERS\NSF-WORK\DESKTOP\FALL 2023\EMBEDDED SYSTEM\EMBEDDED_SYSTEMS_PIC-\LAB_07.X\LAB_07.ASM 9 : Found directive in column 1. (__CONFIG)
Warning[207] C:\USERS\NSF-WORK\DESKTOP\FALL 2023\EMBEDDED SYSTEM\EMBEDDED_SYSTEMS_PIC-\LAB_07.X\LAB_07.ASM 13 : Found label after column 1. (Count1)
Warning[207] C:\USERS\NSF-WORK\DESKTOP\FALL 2023\EMBEDDED SYSTEM\EMBEDDED_SYSTEMS_PIC-\LAB_07.X\LAB_07.ASM 14 : Found label after column 1. (Count2)
Warning[207] C:\USERS\NSF-WORK\DESKTOP\FALL 2023\EMBEDDED SYSTEM\EMBEDDED_SYSTEMS_PIC-\LAB_07.X\LAB_07.ASM 15 : Found label after column 1. (currInput)
Warning[207] C:\USERS\NSF-WORK\DESKTOP\FALL 2023\EMBEDDED SYSTEM\EMBEDDED_SYSTEMS_PIC-\LAB_07.X\LAB_07.ASM 16 : Found label after column 1. (num1)
Warning[207] C:\USERS\NSF-WORK\DESKTOP\FALL 2023\EMBEDDED SYSTEM\EMBEDDED_SYSTEMS_PIC-\LAB_07.X\LAB_07.ASM 17 : Found label after column 1. (num2)
Warning[207] C:\USERS\NSF-WORK\DESKTOP\FALL 2023\EMBEDDED SYSTEM\EMBEDDED_SYSTEMS_PIC-\LAB_07.X\LAB_07.ASM 18 : Found label after column 1. (oper)
Warning[207] C:\USERS\NSF-WORK\DESKTOP\FALL 2023\EMBEDDED SYSTEM\EMBEDDED_SYSTEMS_PIC-\LAB_07.X\LAB_07.ASM 19 : Found label after column 1. (result)
Warning[207] C:\USERS\NSF-WORK\DESKTOP\FALL 2023\EMBEDDED SYSTEM\EMBEDDED_SYSTEMS_PIC-\LAB_07.X\LAB_07.ASM 20 : Found label after column 1. (interNum)
Warning[207] C:\USERS\NSF-WORK\DESKTOP\FALL 2023\EMBEDDED SYSTEM\EMBEDDED_SYSTEMS_PIC-\LAB_07.X\LAB_07.ASM 36 : Found label after column 1. (firstPress)
Warning[207] C:\USERS\NSF-WORK\DESKTOP\FALL 2023\EMBEDDED SYSTEM\EMBEDDED_SYSTEMS_PIC-\LAB_07.X\LAB_07.ASM 48 : Found label after column 1. (secondPress)
Warning[207] C:\USERS\NSF-WORK\DESKTOP\FALL 2023\EMBEDDED SYSTEM\EMBEDDED_SYSTEMS_PIC-\LAB_07.X\LAB_07.ASM 61 : Found label after column 1. (thirdPress)
Warning[207] C:\USERS\NSF-WORK\DESKTOP\FALL 2023\EMBEDDED SYSTEM\EMBEDDED_SYSTEMS_PIC-\LAB_07.X\LAB_07.ASM 89 : Found label after column 1. (addition)
Warning[207] C:\USERS\NSF-WORK\DESKTOP\FALL 2023\EMBEDDED SYSTEM\EMBEDDED_SYSTEMS_PIC-\LAB_07.X\LAB_07.ASM 101 : Found label after column 1. (subtraction)
Warning[207] C:\USERS\NSF-WORK\DESKTOP\FALL 2023\EMBEDDED SYSTEM\EMBEDDED_SYSTEMS_PIC-\LAB_07.X\LAB_07.ASM 113 : Found label after column 1. (fourthPress)
Message[302] C:\USERS\NSF-WORK\DESKTOP\FALL 2023\EMBEDDED SYSTEM\EMBEDDED_SYSTEMS_PIC-\LAB_07.X\LAB_07.ASM 130 : Register in operand not in bank 0.  Ensure that bank bits are correct.
Message[302] C:\USERS\NSF-WORK\DESKTOP\FALL 2023\EMBEDDED SYSTEM\EMBEDDED_SYSTEMS_PIC-\LAB_07.X\LAB_07.ASM 132 : Register in operand not in bank 0.  Ensure that bank bits are correct.
Message[302] C:\USERS\NSF-WORK\DESKTOP\FALL 2023\EMBEDDED SYSTEM\EMBEDDED_SYSTEMS_PIC-\LAB_07.X\LAB_07.ASM 133 : Register in operand not in bank 0.  Ensure that bank bits are correct.
Message[302] C:\USERS\NSF-WORK\DESKTOP\FALL 2023\EMBEDDED SYSTEM\EMBEDDED_SYSTEMS_PIC-\LAB_07.X\LAB_07.ASM 139 : Register in operand not in bank 0.  Ensure that bank bits are correct.
Message[302] C:\USERS\NSF-WORK\DESKTOP\FALL 2023\EMBEDDED SYSTEM\EMBEDDED_SYSTEMS_PIC-\LAB_07.X\LAB_07.ASM 141 : Register in operand not in bank 0.  Ensure that bank bits are correct.
Message[302] C:\USERS\NSF-WORK\DESKTOP\FALL 2023\EMBEDDED SYSTEM\EMBEDDED_SYSTEMS_PIC-\LAB_07.X\LAB_07.ASM 142 : Register in operand not in bank 0.  Ensure that bank bits are correct.
Message[302] C:\USERS\NSF-WORK\DESKTOP\FALL 2023\EMBEDDED SYSTEM\EMBEDDED_SYSTEMS_PIC-\LAB_07.X\LAB_07.ASM 148 : Register in operand not in bank 0.  Ensure that bank bits are correct.
Warning[205] C:\USERS\NSF-WORK\DESKTOP\FALL 2023\EMBEDDED SYSTEM\EMBEDDED_SYSTEMS_PIC-\LAB_07.X\LAB_07.ASM 207 : Found directive in column 1. (end)
